Using pre-set license
Built from '2021.3/staging' branch; Version is '2021.3.6f1 (7da38d85baf6) revision 8233869'; Using compiler version '192829333'; Build Type 'Release'
OS: 'Windows 11  (10.0.22000) 64bit CoreSingleLanguage' Language: 'ru' Physical Memory: 15724 MB
BatchMode: 1, IsHumanControllingUs: 0, StartBugReporterOnCrash: 0, Is64bit: 1, IsPro: 1

COMMAND LINE ARGUMENTS:
D:\Unity\Hub\Editor\2021.3.6f1\Editor\Unity.exe
-adb2
-batchMode
-noUpm
-name
AssetImportWorker0
-projectPath
D:/Repositories/Jumpics/GameMakers
-logFile
Logs/AssetImportWorker0.log
-srvPort
58144
Successfully changed project path to: D:/Repositories/Jumpics/GameMakers
D:/Repositories/Jumpics/GameMakers
[UnityMemory] Configuration Parameters - Can be set up in boot.config
    "memorysetup-bucket-allocator-granularity=16"
    "memorysetup-bucket-allocator-bucket-count=8"
    "memorysetup-bucket-allocator-block-size=33554432"
    "memorysetup-bucket-allocator-block-count=8"
    "memorysetup-main-allocator-block-size=16777216"
    "memorysetup-thread-allocator-block-size=16777216"
    "memorysetup-gfx-main-allocator-block-size=16777216"
    "memorysetup-gfx-thread-allocator-block-size=16777216"
    "memorysetup-cache-allocator-block-size=4194304"
    "memorysetup-typetree-allocator-block-size=2097152"
    "memorysetup-profiler-bucket-allocator-granularity=16"
    "memorysetup-profiler-bucket-allocator-bucket-count=8"
    "memorysetup-profiler-bucket-allocator-block-size=33554432"
    "memorysetup-profiler-bucket-allocator-block-count=8"
    "memorysetup-profiler-allocator-block-size=16777216"
    "memorysetup-profiler-editor-allocator-block-size=1048576"
    "memorysetup-temp-allocator-size-main=16777216"
    "memorysetup-job-temp-allocator-block-size=2097152"
    "memorysetup-job-temp-allocator-block-size-background=1048576"
    "memorysetup-job-temp-allocator-reduction-small-platforms=262144"
    "memorysetup-temp-allocator-size-background-worker=32768"
    "memorysetup-temp-allocator-size-job-worker=262144"
    "memorysetup-temp-allocator-size-preload-manager=33554432"
    "memorysetup-temp-allocator-size-nav-mesh-worker=65536"
    "memorysetup-temp-allocator-size-audio-worker=65536"
    "memorysetup-temp-allocator-size-cloud-worker=32768"
    "memorysetup-temp-allocator-size-gi-baking-worker=262144"
    "memorysetup-temp-allocator-size-gfx=262144"
Refreshing native plugins compatible for Editor in 69.02 ms, found 3 plugins.
Preloading 0 native plugins for Editor in 0.00 ms.
Initialize engine version: 2021.3.6f1 (7da38d85baf6)
[Subsystems] Discovering subsystems at path D:/Unity/Hub/Editor/2021.3.6f1/Editor/Data/Resources/UnitySubsystems
[Subsystems] Discovering subsystems at path D:/Repositories/Jumpics/GameMakers/Assets
GfxDevice: creating device client; threaded=0; jobified=0
Direct3D:
    Version:  Direct3D 11.0 [level 11.1]
    Renderer: AMD Radeon(TM) Graphics (ID=0x1638)
    Vendor:   ATI
    VRAM:     7862 MB
    Driver:   30.0.13040.13
Initialize mono
Mono path[0] = 'D:/Unity/Hub/Editor/2021.3.6f1/Editor/Data/Managed'
Mono path[1] = 'D:/Unity/Hub/Editor/2021.3.6f1/Editor/Data/MonoBleedingEdge/lib/mono/unityjit-win32'
Mono config path = 'D:/Unity/Hub/Editor/2021.3.6f1/Editor/Data/MonoBleedingEdge/etc'
Using monoOptions --debugger-agent=transport=dt_socket,embedding=1,server=y,suspend=n,address=127.0.0.1:56848
Begin MonoManager ReloadAssembly
Registering precompiled unity dll's ...
Register platform support module: D:/Unity/Hub/Editor/2021.3.6f1/Editor/Data/PlaybackEngines/WebGLSupport/UnityEditor.WebGL.Extensions.dll
Register platform support module: D:/Unity/Hub/Editor/2021.3.6f1/Editor/Data/PlaybackEngines/WindowsStandaloneSupport/UnityEditor.WindowsStandalone.Extensions.dll
Registered in 0.002084 seconds.
Native extension for WindowsStandalone target not found
Native extension for WebGL target not found
Refreshing native plugins compatible for Editor in 69.48 ms, found 3 plugins.
Preloading 0 native plugins for Editor in 0.00 ms.
Mono: successfully reloaded assembly
- Completed reload, in  0.490 seconds
Domain Reload Profiling:
	ReloadAssembly (490ms)
		BeginReloadAssembly (55ms)
			ExecutionOrderSort (0ms)
			DisableScriptedObjects (0ms)
			BackupInstance (0ms)
			ReleaseScriptingObjects (0ms)
			CreateAndSetChildDomain (1ms)
		EndReloadAssembly (357ms)
			LoadAssemblies (54ms)
			RebuildTransferFunctionScriptingTraits (0ms)
			SetupTypeCache (79ms)
			ReleaseScriptCaches (0ms)
			RebuildScriptCaches (21ms)
			SetupLoadedEditorAssemblies (217ms)
				LogAssemblyErrors (0ms)
				InitializePlatformSupportModulesInManaged (6ms)
				SetLoadedEditorAssemblies (0ms)
				RefreshPlugins (70ms)
				BeforeProcessingInitializeOnLoad (1ms)
				ProcessInitializeOnLoadAttributes (103ms)
				ProcessInitializeOnLoadMethodAttributes (37ms)
				AfterProcessingInitializeOnLoad (0ms)
				EditorAssembliesLoaded (0ms)
			ExecutionOrderSort2 (0ms)
			AwakeInstancesAfterBackupRestoration (0ms)
Platform modules already initialized, skipping
Registering precompiled user dll's ...
Registered in 0.002832 seconds.
Begin MonoManager ReloadAssembly
Symbol file LoadedFromMemory doesn't match image D:\Repositories\Jumpics\GameMakers\Library\PackageCache\com.unity.visualscripting@1.7.8\Editor\VisualScripting.Core\Dependencies\YamlDotNet\Unity.VisualScripting.YamlDotNet.dll
Symbol file LoadedFromMemory doesn't match image D:\Repositories\Jumpics\GameMakers\Library\PackageCache\com.unity.visualscripting@1.7.8\Editor\VisualScripting.Core\Dependencies\DotNetZip\Unity.VisualScripting.IonicZip.dll
Native extension for WindowsStandalone target not found
Native extension for WebGL target not found
Refreshing native plugins compatible for Editor in 0.51 ms, found 3 plugins.
Preloading 0 native plugins for Editor in 0.00 ms.
Mono: successfully reloaded assembly
- Completed reload, in  0.861 seconds
Domain Reload Profiling:
	ReloadAssembly (862ms)
		BeginReloadAssembly (86ms)
			ExecutionOrderSort (0ms)
			DisableScriptedObjects (5ms)
			BackupInstance (0ms)
			ReleaseScriptingObjects (0ms)
			CreateAndSetChildDomain (18ms)
		EndReloadAssembly (690ms)
			LoadAssemblies (62ms)
			RebuildTransferFunctionScriptingTraits (0ms)
			SetupTypeCache (219ms)
			ReleaseScriptCaches (1ms)
			RebuildScriptCaches (43ms)
			SetupLoadedEditorAssemblies (326ms)
				LogAssemblyErrors (0ms)
				InitializePlatformSupportModulesInManaged (5ms)
				SetLoadedEditorAssemblies (0ms)
				RefreshPlugins (1ms)
				BeforeProcessingInitializeOnLoad (78ms)
				ProcessInitializeOnLoadAttributes (216ms)
				ProcessInitializeOnLoadMethodAttributes (24ms)
				AfterProcessingInitializeOnLoad (2ms)
				EditorAssembliesLoaded (0ms)
			ExecutionOrderSort2 (0ms)
			AwakeInstancesAfterBackupRestoration (5ms)
Platform modules already initialized, skipping
========================================================================
Worker process is ready to serve import requests
Launched and connected shader compiler UnityShaderCompiler.exe after 0.04 seconds
Refreshing native plugins compatible for Editor in 0.48 ms, found 3 plugins.
Preloading 0 native plugins for Editor in 0.00 ms.
Unloading 3372 Unused Serialized files (Serialized files now loaded: 0)
Unloading 27 unused Assets / (111.0 KB). Loaded Objects now: 3829.
Memory consumption went from 116.0 MB to 115.9 MB.
Total: 2.837700 ms (FindLiveObjects: 0.269300 ms CreateObjectMapping: 0.104800 ms MarkObjects: 2.380600 ms  DeleteObjects: 0.081900 ms)

AssetImportParameters requested are different than current active one (requested -> active):
  custom:video-decoder-ogg-theora: a1e56fd34408186e4bbccfd4996cb3dc -> 
  custom:container-muxer-webm: aa71ff27fc2769a1b78a27578f13a17b -> 
  custom:container-demuxer-webm: 4f35f7cbe854078d1ac9338744f61a02 -> 
  custom:video-encoder-webm-vp8: eb34c28f22e8b96e1ab97ce403110664 -> 
  custom:video-codec-MediaFoundation-h265: 746d11721c4dcdbdad8f713fa42b33f4 -> 
  custom:audio-encoder-webm-vorbis: bf7c407c2cedff20999df2af8eb42d56 -> 
  custom:framework-win-MediaFoundation: 216162199b28c13a410421893ffa2e32 -> 
  custom:container-demuxer-ogg: 62fdf1f143b41e24485cea50d1cbac27 -> 
  custom:video-decoder-webm-vp8: 9c59270c3fd7afecdb556c50c9e8de78 -> 
  custom:audio-decoder-ogg-vorbis: bf7c407c2cedff20999df2af8eb42d56 -> 
========================================================================
Received Import Request.
  Time since last request: 11384.605444 seconds.
  path: Assets/Models/Bibliotheque.FBX
  artifactKey: Guid(f7ca6636ffe8e0243b44e8079ada22a9) Importer(815301076,1909f56bfc062723c751e8b465ee728b)
Start importing Assets/Models/Bibliotheque.FBX using Guid(f7ca6636ffe8e0243b44e8079ada22a9) Importer(815301076,1909f56bfc062723c751e8b465ee728b)  -> (artifact id: '8a771033a5622b747dd9eb9c41fd7850') in 0.149772 seconds 
========================================================================
Received Import Request.
  Time since last request: 311.699345 seconds.
  path: Assets/Models/Cash Register B05.max
  artifactKey: Guid(ffbfdf8ce963f114cbd6b903ffc4cab1) Importer(815301076,1909f56bfc062723c751e8b465ee728b)
Start importing Assets/Models/Cash Register B05.max using Guid(ffbfdf8ce963f114cbd6b903ffc4cab1) Importer(815301076,1909f56bfc062723c751e8b465ee728b)  -> (artifact id: '7b88d3e169ac10ef2517e770dc4e4571') in 0.006647 seconds 
========================================================================
Received Import Request.
  Time since last request: 85.964100 seconds.
  path: Assets/Models/Cash Register B05.fbx
  artifactKey: Guid(e09bdf3720183c24081f01e1bd199997) Importer(815301076,1909f56bfc062723c751e8b465ee728b)
Start importing Assets/Models/Cash Register B05.fbx using Guid(e09bdf3720183c24081f01e1bd199997) Importer(815301076,1909f56bfc062723c751e8b465ee728b)  -> (artifact id: '8b4bbe6ee9c1e05ee447ff8cc276f738') in 0.489081 seconds 
========================================================================
Received Import Request.
  Time since last request: 24.534492 seconds.
  path: Assets/Models/Cash Register B05.fbx
  artifactKey: Guid(e09bdf3720183c24081f01e1bd199997) Importer(815301076,1909f56bfc062723c751e8b465ee728b)
Start importing Assets/Models/Cash Register B05.fbx using Guid(e09bdf3720183c24081f01e1bd199997) Importer(815301076,1909f56bfc062723c751e8b465ee728b)  -> (artifact id: '9bd1b3100b594d608bada2ddec926379') in 0.516708 seconds 
========================================================================
Received Import Request.
  Time since last request: 4.422022 seconds.
  path: Assets/Models/Cash Register B05.fbx
  artifactKey: Guid(e09bdf3720183c24081f01e1bd199997) Importer(815301076,1909f56bfc062723c751e8b465ee728b)
Start importing Assets/Models/Cash Register B05.fbx using Guid(e09bdf3720183c24081f01e1bd199997) Importer(815301076,1909f56bfc062723c751e8b465ee728b)  -> (artifact id: 'e634c9f16e4f5f83f40716052bb39bc1') in 0.525568 seconds 
========================================================================
Received Import Request.
  Time since last request: 56.411834 seconds.
  path: Assets/Models/Cash Register B05.fbx
  artifactKey: Guid(e09bdf3720183c24081f01e1bd199997) Importer(815301076,1909f56bfc062723c751e8b465ee728b)
Start importing Assets/Models/Cash Register B05.fbx using Guid(e09bdf3720183c24081f01e1bd199997) Importer(815301076,1909f56bfc062723c751e8b465ee728b)  -> (artifact id: '4c43626cb2afe0b862d95fad826ff529') in 0.522707 seconds 
========================================================================
Received Import Request.
  Time since last request: 7.418036 seconds.
  path: Assets/Models/Cash Register B05.fbx
  artifactKey: Guid(e09bdf3720183c24081f01e1bd199997) Importer(815301076,1909f56bfc062723c751e8b465ee728b)
Start importing Assets/Models/Cash Register B05.fbx using Guid(e09bdf3720183c24081f01e1bd199997) Importer(815301076,1909f56bfc062723c751e8b465ee728b)  -> (artifact id: '15418ed914e50e220bba3f3fcbfd07fb') in 0.914284 seconds 
========================================================================
Received Prepare
Registering precompiled user dll's ...
Registered in 0.003069 seconds.
Begin MonoManager ReloadAssembly
Symbol file LoadedFromMemory doesn't match image D:\Repositories\Jumpics\GameMakers\Library\PackageCache\com.unity.visualscripting@1.7.8\Editor\VisualScripting.Core\Dependencies\YamlDotNet\Unity.VisualScripting.YamlDotNet.dll
Symbol file LoadedFromMemory doesn't match image D:\Repositories\Jumpics\GameMakers\Library\PackageCache\com.unity.visualscripting@1.7.8\Editor\VisualScripting.Core\Dependencies\DotNetZip\Unity.VisualScripting.IonicZip.dll
Native extension for WindowsStandalone target not found
Native extension for WebGL target not found
Refreshing native plugins compatible for Editor in 1.28 ms, found 3 plugins.
Preloading 0 native plugins for Editor in 0.00 ms.
Mono: successfully reloaded assembly
- Completed reload, in  0.965 seconds
Domain Reload Profiling:
	ReloadAssembly (966ms)
		BeginReloadAssembly (108ms)
			ExecutionOrderSort (0ms)
			DisableScriptedObjects (4ms)
			BackupInstance (0ms)
			ReleaseScriptingObjects (0ms)
			CreateAndSetChildDomain (34ms)
		EndReloadAssembly (781ms)
			LoadAssemblies (59ms)
			RebuildTransferFunctionScriptingTraits (0ms)
			SetupTypeCache (264ms)
			ReleaseScriptCaches (2ms)
			RebuildScriptCaches (47ms)
			SetupLoadedEditorAssemblies (350ms)
				LogAssemblyErrors (0ms)
				InitializePlatformSupportModulesInManaged (15ms)
				SetLoadedEditorAssemblies (0ms)
				RefreshPlugins (1ms)
				BeforeProcessingInitializeOnLoad (68ms)
				ProcessInitializeOnLoadAttributes (232ms)
				ProcessInitializeOnLoadMethodAttributes (31ms)
				AfterProcessingInitializeOnLoad (3ms)
				EditorAssembliesLoaded (0ms)
			ExecutionOrderSort2 (0ms)
			AwakeInstancesAfterBackupRestoration (6ms)
Platform modules already initialized, skipping
Refreshing native plugins compatible for Editor in 2.31 ms, found 3 plugins.
Preloading 0 native plugins for Editor in 0.00 ms.
Unloading 3367 Unused Serialized files (Serialized files now loaded: 0)
Unloading 20 unused Assets / (78.2 KB). Loaded Objects now: 3874.
Memory consumption went from 121.1 MB to 121.1 MB.
Total: 4.116400 ms (FindLiveObjects: 0.262600 ms CreateObjectMapping: 0.078400 ms MarkObjects: 3.696900 ms  DeleteObjects: 0.077700 ms)

AssetImportParameters requested are different than current active one (requested -> active):
  custom:video-decoder-ogg-theora: a1e56fd34408186e4bbccfd4996cb3dc -> 
  custom:container-muxer-webm: aa71ff27fc2769a1b78a27578f13a17b -> 
  custom:container-demuxer-webm: 4f35f7cbe854078d1ac9338744f61a02 -> 
  custom:video-encoder-webm-vp8: eb34c28f22e8b96e1ab97ce403110664 -> 
  custom:video-codec-MediaFoundation-h265: 746d11721c4dcdbdad8f713fa42b33f4 -> 
  custom:audio-encoder-webm-vorbis: bf7c407c2cedff20999df2af8eb42d56 -> 
  custom:framework-win-MediaFoundation: 216162199b28c13a410421893ffa2e32 -> 
  custom:container-demuxer-ogg: 62fdf1f143b41e24485cea50d1cbac27 -> 
  custom:video-decoder-webm-vp8: 9c59270c3fd7afecdb556c50c9e8de78 -> 
  custom:audio-decoder-ogg-vorbis: bf7c407c2cedff20999df2af8eb42d56 -> 
========================================================================
Received Import Request.
  Time since last request: 118.185731 seconds.
  path: Assets/Models/Cash Register B05 1.fbx
  artifactKey: Guid(294dd42d806c42447a6d931077079c3f) Importer(815301076,1909f56bfc062723c751e8b465ee728b)
Start importing Assets/Models/Cash Register B05 1.fbx using Guid(294dd42d806c42447a6d931077079c3f) Importer(815301076,1909f56bfc062723c751e8b465ee728b)  -> (artifact id: '91139bcffb929792de89858d5f62fd7f') in 0.584639 seconds 
========================================================================
Received Import Request.
  Time since last request: 16.655949 seconds.
  path: Assets/Models/Cash Register B05.fbx
  artifactKey: Guid(e09bdf3720183c24081f01e1bd199997) Importer(815301076,1909f56bfc062723c751e8b465ee728b)
Start importing Assets/Models/Cash Register B05.fbx using Guid(e09bdf3720183c24081f01e1bd199997) Importer(815301076,1909f56bfc062723c751e8b465ee728b)  -> (artifact id: '813a60be0dfae5cc692d9e14259ea561') in 0.492146 seconds 
========================================================================
Received Import Request.
  Time since last request: 16.955558 seconds.
  path: Assets/Models/Walking Left Turn.fbx
  artifactKey: Guid(9840058d2cd570c449805d238555eee3) Importer(815301076,1909f56bfc062723c751e8b465ee728b)
Start importing Assets/Models/Walking Left Turn.fbx using Guid(9840058d2cd570c449805d238555eee3) Importer(815301076,1909f56bfc062723c751e8b465ee728b)  -> (artifact id: '47f0546ad5ad2c51c3bc6ba42eadc875') in 0.057971 seconds 
========================================================================
Received Prepare
Registering precompiled user dll's ...
Registered in 0.002679 seconds.
Begin MonoManager ReloadAssembly
Symbol file LoadedFromMemory doesn't match image D:\Repositories\Jumpics\GameMakers\Library\PackageCache\com.unity.visualscripting@1.7.8\Editor\VisualScripting.Core\Dependencies\YamlDotNet\Unity.VisualScripting.YamlDotNet.dll
Symbol file LoadedFromMemory doesn't match image D:\Repositories\Jumpics\GameMakers\Library\PackageCache\com.unity.visualscripting@1.7.8\Editor\VisualScripting.Core\Dependencies\DotNetZip\Unity.VisualScripting.IonicZip.dll
Native extension for WindowsStandalone target not found
Native extension for WebGL target not found
Refreshing native plugins compatible for Editor in 1.05 ms, found 3 plugins.
Preloading 0 native plugins for Editor in 0.00 ms.
Mono: successfully reloaded assembly
- Completed reload, in  0.887 seconds
Domain Reload Profiling:
	ReloadAssembly (888ms)
		BeginReloadAssembly (106ms)
			ExecutionOrderSort (0ms)
			DisableScriptedObjects (4ms)
			BackupInstance (0ms)
			ReleaseScriptingObjects (0ms)
			CreateAndSetChildDomain (38ms)
		EndReloadAssembly (712ms)
			LoadAssemblies (53ms)
			RebuildTransferFunctionScriptingTraits (0ms)
			SetupTypeCache (229ms)
			ReleaseScriptCaches (2ms)
			RebuildScriptCaches (47ms)
			SetupLoadedEditorAssemblies (324ms)
				LogAssemblyErrors (0ms)
				InitializePlatformSupportModulesInManaged (13ms)
				SetLoadedEditorAssemblies (1ms)
				RefreshPlugins (1ms)
				BeforeProcessingInitializeOnLoad (66ms)
				ProcessInitializeOnLoadAttributes (208ms)
				ProcessInitializeOnLoadMethodAttributes (32ms)
				AfterProcessingInitializeOnLoad (3ms)
				EditorAssembliesLoaded (0ms)
			ExecutionOrderSort2 (0ms)
			AwakeInstancesAfterBackupRestoration (6ms)
Platform modules already initialized, skipping
Refreshing native plugins compatible for Editor in 2.31 ms, found 3 plugins.
Preloading 0 native plugins for Editor in 0.00 ms.
Unloading 3367 Unused Serialized files (Serialized files now loaded: 0)
Unloading 20 unused Assets / (78.2 KB). Loaded Objects now: 3878.
Memory consumption went from 134.2 MB to 134.1 MB.
Total: 5.088800 ms (FindLiveObjects: 0.635300 ms CreateObjectMapping: 0.086700 ms MarkObjects: 4.217300 ms  DeleteObjects: 0.148200 ms)

AssetImportParameters requested are different than current active one (requested -> active):
  custom:video-decoder-ogg-theora: a1e56fd34408186e4bbccfd4996cb3dc -> 
  custom:container-muxer-webm: aa71ff27fc2769a1b78a27578f13a17b -> 
  custom:container-demuxer-webm: 4f35f7cbe854078d1ac9338744f61a02 -> 
  custom:video-encoder-webm-vp8: eb34c28f22e8b96e1ab97ce403110664 -> 
  custom:video-codec-MediaFoundation-h265: 746d11721c4dcdbdad8f713fa42b33f4 -> 
  custom:audio-encoder-webm-vorbis: bf7c407c2cedff20999df2af8eb42d56 -> 
  custom:framework-win-MediaFoundation: 216162199b28c13a410421893ffa2e32 -> 
  custom:container-demuxer-ogg: 62fdf1f143b41e24485cea50d1cbac27 -> 
  custom:video-decoder-webm-vp8: 9c59270c3fd7afecdb556c50c9e8de78 -> 
  custom:audio-decoder-ogg-vorbis: bf7c407c2cedff20999df2af8eb42d56 -> 
========================================================================
Received Import Request.
  Time since last request: 48.018425 seconds.
  path: Assets/Models/Cash Register B05.fbx
  artifactKey: Guid(e09bdf3720183c24081f01e1bd199997) Importer(815301076,1909f56bfc062723c751e8b465ee728b)
Start importing Assets/Models/Cash Register B05.fbx using Guid(e09bdf3720183c24081f01e1bd199997) Importer(815301076,1909f56bfc062723c751e8b465ee728b)  -> (artifact id: '4dcddbba5ef68f16cb49ea771b257f43') in 0.752577 seconds 
========================================================================
Received Import Request.
  Time since last request: 5.923927 seconds.
  path: Assets/Models/adjustable working table.FBX
  artifactKey: Guid(5d7b1ef6f6f7d624ea87f1c305abd7e6) Importer(815301076,1909f56bfc062723c751e8b465ee728b)
Start importing Assets/Models/adjustable working table.FBX using Guid(5d7b1ef6f6f7d624ea87f1c305abd7e6) Importer(815301076,1909f56bfc062723c751e8b465ee728b)  -> (artifact id: '4707133c16dcc9ffbddd3161e09c1cad') in 0.081257 seconds 
========================================================================
Received Import Request.
  Time since last request: 10.551919 seconds.
  path: Assets/Models/adjustable working table.FBX
  artifactKey: Guid(5d7b1ef6f6f7d624ea87f1c305abd7e6) Importer(815301076,1909f56bfc062723c751e8b465ee728b)
Start importing Assets/Models/adjustable working table.FBX using Guid(5d7b1ef6f6f7d624ea87f1c305abd7e6) Importer(815301076,1909f56bfc062723c751e8b465ee728b)  -> (artifact id: 'e57dbbd4ac2f60981018cdadaa147117') in 0.076543 seconds 
========================================================================
Received Import Request.
  Time since last request: 6.042043 seconds.
  path: Assets/Models/adjustable working table.FBX
  artifactKey: Guid(5d7b1ef6f6f7d624ea87f1c305abd7e6) Importer(815301076,1909f56bfc062723c751e8b465ee728b)
Start importing Assets/Models/adjustable working table.FBX using Guid(5d7b1ef6f6f7d624ea87f1c305abd7e6) Importer(815301076,1909f56bfc062723c751e8b465ee728b)  -> (artifact id: '78b8da23798be996b8256b2b4f8edad4') in 0.074031 seconds 
========================================================================
Received Import Request.
  Time since last request: 17.545275 seconds.
  path: Assets/Models/adjustable working table.FBX
  artifactKey: Guid(5d7b1ef6f6f7d624ea87f1c305abd7e6) Importer(815301076,1909f56bfc062723c751e8b465ee728b)
Start importing Assets/Models/adjustable working table.FBX using Guid(5d7b1ef6f6f7d624ea87f1c305abd7e6) Importer(815301076,1909f56bfc062723c751e8b465ee728b)  -> (artifact id: '1cf08c4c9fdfc9d26b4250c76c44b72e') in 0.071648 seconds 
========================================================================
Received Import Request.
  Time since last request: 401.272817 seconds.
  path: Assets/Textures
  artifactKey: Guid(8bfa39ba4fc199c4e98c360550a162de) Importer(815301076,1909f56bfc062723c751e8b465ee728b)
Start importing Assets/Textures using Guid(8bfa39ba4fc199c4e98c360550a162de) Importer(815301076,1909f56bfc062723c751e8b465ee728b)  -> (artifact id: '3cf726ee1d8858992a161b5e364aadb7') in 0.004836 seconds 
========================================================================
Received Import Request.
  Time since last request: 5.959724 seconds.
  path: Assets/Textures/Tomato.fbx
  artifactKey: Guid(4399612b89a9d7740bb2fa8b7f0e32e9) Importer(815301076,1909f56bfc062723c751e8b465ee728b)
Start importing Assets/Textures/Tomato.fbx using Guid(4399612b89a9d7740bb2fa8b7f0e32e9) Importer(815301076,1909f56bfc062723c751e8b465ee728b)  -> (artifact id: '2555774d7e25f67320447d5d9e3ec50a') in 0.035729 seconds 
========================================================================
Received Import Request.
  Time since last request: 45.696691 seconds.
  path: Assets/Textures/Tomato.fbx
  artifactKey: Guid(4399612b89a9d7740bb2fa8b7f0e32e9) Importer(815301076,1909f56bfc062723c751e8b465ee728b)
Start importing Assets/Textures/Tomato.fbx using Guid(4399612b89a9d7740bb2fa8b7f0e32e9) Importer(815301076,1909f56bfc062723c751e8b465ee728b)  -> (artifact id: '65010eedfd991952dd9797e2a54017ca') in 0.036342 seconds 
========================================================================
Received Import Request.
  Time since last request: 4.941870 seconds.
  path: Assets/Textures/Tomato.fbx
  artifactKey: Guid(4399612b89a9d7740bb2fa8b7f0e32e9) Importer(815301076,1909f56bfc062723c751e8b465ee728b)
Start importing Assets/Textures/Tomato.fbx using Guid(4399612b89a9d7740bb2fa8b7f0e32e9) Importer(815301076,1909f56bfc062723c751e8b465ee728b)  -> (artifact id: 'a7d30a2e7083b99e1411a48a8350557a') in 0.033646 seconds 
========================================================================
Received Import Request.
  Time since last request: 46.320865 seconds.
  path: Assets/Textures/Tomato.fbx
  artifactKey: Guid(4399612b89a9d7740bb2fa8b7f0e32e9) Importer(815301076,1909f56bfc062723c751e8b465ee728b)
Start importing Assets/Textures/Tomato.fbx using Guid(4399612b89a9d7740bb2fa8b7f0e32e9) Importer(815301076,1909f56bfc062723c751e8b465ee728b)  -> (artifact id: 'fdd35bbd5560f5b8b3cefd93dae45aa6') in 0.033050 seconds 
========================================================================
Received Import Request.
  Time since last request: 333.467567 seconds.
  path: Assets/GGC_LowPolyFood.fbx
  artifactKey: Guid(2c0db291518ad774785c5375da9e3d14) Importer(815301076,1909f56bfc062723c751e8b465ee728b)
Start importing Assets/GGC_LowPolyFood.fbx using Guid(2c0db291518ad774785c5375da9e3d14) Importer(815301076,1909f56bfc062723c751e8b465ee728b)  -> (artifact id: 'a0a64c9ff25568c1e4a6a05da4e2070c') in 0.046640 seconds 
========================================================================
Received Import Request.
  Time since last request: 40.172274 seconds.
  path: Assets/Textures/GGC_LowPolyFood_BaseColor.png
  artifactKey: Guid(ab748120f11e9654f8ea8277483fd030) Importer(815301076,1909f56bfc062723c751e8b465ee728b)
Start importing Assets/Textures/GGC_LowPolyFood_BaseColor.png using Guid(ab748120f11e9654f8ea8277483fd030) Importer(815301076,1909f56bfc062723c751e8b465ee728b)  -> (artifact id: '8c759c8d416eb58fa9666578ac8a364e') in 0.045971 seconds 
========================================================================
Received Import Request.
  Time since last request: 26.023069 seconds.
  path: Assets/Materials/Food.mat
  artifactKey: Guid(17f14340a0a0d6b4db9e9232363841f3) Importer(815301076,1909f56bfc062723c751e8b465ee728b)
Start importing Assets/Materials/Food.mat using Guid(17f14340a0a0d6b4db9e9232363841f3) Importer(815301076,1909f56bfc062723c751e8b465ee728b)  -> (artifact id: '001e38d04c333ae93041299ce30cfbb1') in 0.014213 seconds 
========================================================================
Received Import Request.
  Time since last request: 84.365434 seconds.
  path: Assets/Models/GGC_LowPolyFood.fbx
  artifactKey: Guid(2c0db291518ad774785c5375da9e3d14) Importer(815301076,1909f56bfc062723c751e8b465ee728b)
Start importing Assets/Models/GGC_LowPolyFood.fbx using Guid(2c0db291518ad774785c5375da9e3d14) Importer(815301076,1909f56bfc062723c751e8b465ee728b)  -> (artifact id: '7143b5306b85edbd424a5d6594ba4eac') in 0.044963 seconds 
========================================================================
Received Import Request.
  Time since last request: 1325.658720 seconds.
  path: Assets/pumpkin.fbx
  artifactKey: Guid(b9fc09245dfe54f4a80517aef9b652e1) Importer(815301076,1909f56bfc062723c751e8b465ee728b)
Start importing Assets/pumpkin.fbx using Guid(b9fc09245dfe54f4a80517aef9b652e1) Importer(815301076,1909f56bfc062723c751e8b465ee728b)  -> (artifact id: '3efa24645431936b664836702e2d3f7f') in 0.070508 seconds 
========================================================================
Received Import Request.
  Time since last request: 1.803903 seconds.
  path: Assets/pumpkin.fbx
  artifactKey: Guid(b9fc09245dfe54f4a80517aef9b652e1) Importer(815301076,1909f56bfc062723c751e8b465ee728b)
Start importing Assets/pumpkin.fbx using Guid(b9fc09245dfe54f4a80517aef9b652e1) Importer(815301076,1909f56bfc062723c751e8b465ee728b)  -> (artifact id: '0517eeaee0caae643890d6510a1b52dd') in 0.023735 seconds 
========================================================================
Received Import Request.
  Time since last request: 20.611390 seconds.
  path: Assets/Models/pumpkin.fbx
  artifactKey: Guid(b9fc09245dfe54f4a80517aef9b652e1) Importer(815301076,1909f56bfc062723c751e8b465ee728b)
Start importing Assets/Models/pumpkin.fbx using Guid(b9fc09245dfe54f4a80517aef9b652e1) Importer(815301076,1909f56bfc062723c751e8b465ee728b)  -> (artifact id: '9f6039f38047dccb1a07817f972f9906') in 0.025400 seconds 
========================================================================
Received Import Request.
  Time since last request: 6.429372 seconds.
  path: Assets/Models/pumpkin.fbx
  artifactKey: Guid(b9fc09245dfe54f4a80517aef9b652e1) Importer(815301076,1909f56bfc062723c751e8b465ee728b)
Start importing Assets/Models/pumpkin.fbx using Guid(b9fc09245dfe54f4a80517aef9b652e1) Importer(815301076,1909f56bfc062723c751e8b465ee728b)  -> (artifact id: 'bfff32e8744ea73b75328dbe70035504') in 0.025533 seconds 
========================================================================
Received Import Request.
  Time since last request: 5.099767 seconds.
  path: Assets/Models/pumpkin.fbx
  artifactKey: Guid(b9fc09245dfe54f4a80517aef9b652e1) Importer(815301076,1909f56bfc062723c751e8b465ee728b)
Start importing Assets/Models/pumpkin.fbx using Guid(b9fc09245dfe54f4a80517aef9b652e1) Importer(815301076,1909f56bfc062723c751e8b465ee728b)  -> (artifact id: '5c6c169351f2703432043961301fba0f') in 0.026875 seconds 
========================================================================
Received Import Request.
  Time since last request: 52.609891 seconds.
  path: Assets/Models/Mushroom.obj
  artifactKey: Guid(9d78c58ccc0609a4e8ac09f7caf2d503) Importer(815301076,1909f56bfc062723c751e8b465ee728b)
Start importing Assets/Models/Mushroom.obj using Guid(9d78c58ccc0609a4e8ac09f7caf2d503) Importer(815301076,1909f56bfc062723c751e8b465ee728b)  -> (artifact id: 'edd387f97f539d2ac7a5634ce64c4529') in 0.033742 seconds 
========================================================================
Received Import Request.
  Time since last request: 97.600629 seconds.
  path: Assets/Models/mushrooms.fbx
  artifactKey: Guid(be4c655b920b4fb4b927a1305e3f7ea2) Importer(815301076,1909f56bfc062723c751e8b465ee728b)
Start importing Assets/Models/mushrooms.fbx using Guid(be4c655b920b4fb4b927a1305e3f7ea2) Importer(815301076,1909f56bfc062723c751e8b465ee728b)  -> (artifact id: '55cfebf1bf106ef4abd04bca1068ab17') in 0.113647 seconds 
========================================================================
Received Import Request.
  Time since last request: 39.009879 seconds.
  path: Assets/Models/mushrooms.fbx
  artifactKey: Guid(be4c655b920b4fb4b927a1305e3f7ea2) Importer(815301076,1909f56bfc062723c751e8b465ee728b)
Start importing Assets/Models/mushrooms.fbx using Guid(be4c655b920b4fb4b927a1305e3f7ea2) Importer(815301076,1909f56bfc062723c751e8b465ee728b)  -> (artifact id: 'b140b747ca541d6a9d217ebaf6463b51') in 0.119402 seconds 
========================================================================
Received Import Request.
  Time since last request: 9.521928 seconds.
  path: Assets/Models/GGC_LowPolyFood.fbx
  artifactKey: Guid(2c0db291518ad774785c5375da9e3d14) Importer(815301076,1909f56bfc062723c751e8b465ee728b)
Start importing Assets/Models/GGC_LowPolyFood.fbx using Guid(2c0db291518ad774785c5375da9e3d14) Importer(815301076,1909f56bfc062723c751e8b465ee728b)  -> (artifact id: 'c714a2dc4a57a475a1aef5f96d081716') in 0.227640 seconds 
